<Monitor<TimeLimit<CartPoleEnv<CartPole-v1>>>>
EnvSpec(CartPole-v1)
Box([-4.8000002e+00 -3.4028235e+38 -4.1887903e-01 -3.4028235e+38], [4.8000002e+00 3.4028235e+38 4.1887903e-01 3.4028235e+38], (4,), float32)
Discrete(2)
example transition
OrderedDict([('obs', array([-4.7326267e-02,  2.5143308e+38,  3.7799540e-01, -1.1500553e+38],
      dtype=float32)), ('action', 1), ('reward', 0.0), ('done', False)])
buffer spec
[('obs', '<f4', (4,)), ('action', '<i8'), ('reward', '<f8'), ('done', 'u1'), ('value', '<f4'), ('log_prob', '<f4')]
Agent(
  (actor): Sequential(
    (0): Linear(in_features=4, out_features=256, bias=True)
    (1): Tanh()
    (2): Linear(in_features=256, out_features=256, bias=True)
    (3): Tanh()
    (4): Linear(in_features=256, out_features=2, bias=True)
    (5): Softmax(dim=-1)
  )
  (critic): Sequential(
    (0): Linear(in_features=4, out_features=256, bias=True)
    (1): Tanh()
    (2): Linear(in_features=256, out_features=256, bias=True)
    (3): Tanh()
    (4): Linear(in_features=256, out_features=1, bias=True)
  )
)
Traceback (most recent call last):
  File "/home/anthony/.pyenv/versions/dev/lib/python3.7/site-packages/gym/envs/classic_control/rendering.py", line 15, in <module>
    import pyglet
ModuleNotFoundError: No module named 'pyglet'
During handling of the above exception, another exception occurred:
Traceback (most recent call last):
  File "/home/anthony/PycharmProjects/ppo_kata/main.py", line 123, in <module>
    info = worker.run(steps=train_interval)
  File "/home/anthony/PycharmProjects/ppo_kata/main.py", line 34, in run
    env.render()
  File "/home/anthony/.pyenv/versions/dev/lib/python3.7/site-packages/gym/core.py", line 254, in render
    return self.env.render(mode, **kwargs)
  File "/home/anthony/.pyenv/versions/dev/lib/python3.7/site-packages/gym/core.py", line 254, in render
    return self.env.render(mode, **kwargs)
  File "/home/anthony/.pyenv/versions/dev/lib/python3.7/site-packages/gym/envs/classic_control/cartpole.py", line 179, in render
    from gym.envs.classic_control import rendering
  File "/home/anthony/.pyenv/versions/dev/lib/python3.7/site-packages/gym/envs/classic_control/rendering.py", line 23, in <module>
    """
ImportError:
    Cannot import pyglet.
    HINT: you can install pyglet directly via 'pip install pyglet'.
    But if you really just want to install all Gym dependencies and not have to think about it,
    'pip install -e .[all]' or 'pip install gym[all]' will do it.